1/3/2020 6:43:25 PM | 
1/3/2020 6:43:25 PM | 
Message : La référence d'objet n'est pas définie à une instance d'un objet.
1/3/2020 6:43:25 PM | 
LastTrace : openElement.Controls.CtlAdminProject.SaveTabCommon()
1/3/2020 6:43:25 PM | 
Params : 
1/3/2020 6:43:25 PM | 
MethodeName : Void SaveTabCommon()
1/3/2020 6:43:25 PM | 
Stamp : 1/3/2020 6:43:25 PM
1/3/2020 6:43:25 PM | 
OSFullName : Microsoft Windows 10 Famille
1/3/2020 6:43:25 PM | 
AvailablePhysicalMemory : 9.6 Go 
1/3/2020 6:43:25 PM | 
TotalPhysicalMemory : 15.88 Go 
1/3/2020 6:43:25 PM | 
AvailableVirtualMemory : 3.06 Go 
1/3/2020 6:43:25 PM | 
TotalVirtualMemory : 4 Go 
1/3/2020 6:43:25 PM | 
WorkingSet : 338.25 Mo 
1/3/2020 6:43:25 PM | 
PagedMemorySize : 264.96 Mo 
1/3/2020 6:43:25 PM | 
TotalMemory : 51.15 Mo 
1/3/2020 6:43:25 PM | 

1/3/2020 6:43:25 PM | 
ExTrace : 
1/3/2020 6:43:25 PM | 
à openElement.Controls.CtlAdminProject.SaveTabCommon() dans C:\Users\Win7Dev64\Source\Workspaces\openElement\App\openElement\Control\CtlAdminProject.vb:ligne 135
1/3/2020 6:43:25 PM | 
à openElement.Forms.FrmAdmin.SaveFormulaire() dans C:\Users\Win7Dev64\Source\Workspaces\openElement\App\openElement\Form\Project\Administrateur\FrmAdmin.vb:ligne 180
1/3/2020 6:43:25 PM | 
à openElement.Wait.RunAction(Action action, String text1, String text2, WaitIconType iconType) dans C:\Users\Win7Dev64\Source\Workspaces\openElement\App\openElement\Class\Common\Wait.vb:ligne 242
1/3/2020 6:43:25 PM | 

1/3/2020 6:43:25 PM | 
OETrace : 
1/3/2020 6:43:25 PM | 
à openElement.Wait.RunAction(Action action, String text1, String text2, WaitIconType iconType) dans C:\Users\Win7Dev64\Source\Workspaces\openElement\App\openElement\Class\Common\Wait.vb:ligne 244
1/3/2020 6:43:25 PM | 
à openElement.Forms.FrmAdmin.BtnAppliquer_Click(Object sender, EventArgs e) dans C:\Users\Win7Dev64\Source\Workspaces\openElement\App\openElement\Form\Project\Administrateur\FrmAdmin.vb:ligne 394
1/3/2020 6:43:25 PM | 
à openElement.Forms.FrmAdmin.ShowDialog(FrmDXAdministrationTabs tabactif) dans C:\Users\Win7Dev64\Source\Workspaces\openElement\App\openElement\Form\Project\Administrateur\FrmAdmin.vb:ligne 99
1/3/2020 6:43:25 PM | 
à openElement.Forms.RibbonCore.RPProject.RPGPages.BBIProjectPagesPreference_ItemClick(Object sender, ItemClickEventArgs e) dans C:\Users\Win7Dev64\Source\Workspaces\openElement\App\openElement\Form\Main\RibbonItemCore\Project\RPGPages.vb:ligne 171
1/3/2020 6:43:25 PM | 
à openElement.My.MyApplication.Main(String[] Args) dans :ligne 82
1/3/2020 6:43:25 PM | 

1/3/2020 6:43:25 PM | 
------------------
