27/03/2013 11:46:21 | Debut Mise en ligne complete (Site):
27/03/2013 11:46:23 | Listing terminé :
27/03/2013 11:46:23 | 

27/03/2013 11:46:24 | * WEFiles-- -- --Folder create
27/03/2013 11:46:24 | * WEFiles/Server-- -- --Folder create
27/03/2013 11:46:24 | * WEFiles/Server/language-- -- --Folder create
27/03/2013 11:46:24 | * WEFiles/Server/class-- -- --Folder create
27/03/2013 11:46:24 | * WEFiles/Image-- -- --Folder create
27/03/2013 11:46:24 | * WEFiles/Image/Skin-- -- --Folder create
27/03/2013 11:46:24 | * WEFiles/Font-- -- --Folder create
27/03/2013 11:46:24 | * WEFiles/Css-- -- --Folder create
27/03/2013 11:46:24 | * WEFiles/Client-- -- --Folder create
27/03/2013 11:46:24 | * WEFiles/Client/jQuery-- -- --Folder create
27/03/2013 11:46:24 | * Templates-- -- --Folder create
27/03/2013 11:46:24 | * Files-- -- --Folder create
27/03/2013 11:46:24 | * Files/Video-- -- --Folder create
27/03/2013 11:46:24 | * Files/Other-- -- --Folder create
27/03/2013 11:46:24 | * Files/Media-- -- --Folder create
27/03/2013 11:46:24 | * Files/Image-- -- --Folder create
27/03/2013 11:46:24 | * Files/Flash-- -- --Folder create
27/03/2013 11:46:24 | * Files/Audio-- -- --Folder create
27/03/2013 11:46:24 | * Data-- -- --Folder create
27/03/2013 11:46:24 | * Backup-- -- --Folder create
27/03/2013 11:46:24 | * Common-- -- --Folder create
27/03/2013 11:46:24 | * Files/Image/Tools-- -- --Folder create
27/03/2013 11:46:24 | * Files/Image/template-- -- --Folder create
27/03/2013 11:46:24 | * WEFiles/Image/Gallery-- -- --Folder create
27/03/2013 11:46:24 | * WEFiles/Image/Gallery/9e5e22ac-d655-46c5-85c2-b20ec1175c4d-- -- --Folder create
27/03/2013 11:46:24 | * Files\Other-- -- --Folder create
27/03/2013 11:46:24 | * Backup/.htaccess-- -- --33
27/03/2013 11:46:24 | * WEFiles/Client/jQuery/jquery.core.js-- -- --93873
27/03/2013 11:46:24 | * WEFiles/Client/jQuery/jquery.easing.1.3.js-- -- --8097
27/03/2013 11:46:24 | * WEFiles/Client/jQuery/jquery.form.js-- -- --26755
27/03/2013 11:46:24 | * WEFiles/Client/jQuery/jquery.simplemodal.js-- -- --22338
27/03/2013 11:46:24 | * WEFiles/Client/jQuery/jquery.ui.accordion.js-- -- --16269
27/03/2013 11:46:24 | * WEFiles/Client/jQuery/jquery.ui.core.js-- -- --14026
27/03/2013 11:46:24 | * WEFiles/Client/Json.js-- -- --17521
27/03/2013 11:46:24 | * WEFiles/Client/openElement.js-- -- --20753
27/03/2013 11:46:24 | * WEFiles/Client/openElementUI.js-- -- --3436
27/03/2013 11:46:24 | * WEFiles/Client/VarText.js-- -- --3745
27/03/2013 11:46:24 | * WEFiles/Css/openElement.css-- -- --4690
27/03/2013 11:46:24 | * WEFiles/Image/Code.png-- -- --831
27/03/2013 11:46:24 | * WEFiles/Image/delete.png-- -- --1465
27/03/2013 11:46:24 | * WEFiles/Image/empty.png-- -- --184
27/03/2013 11:46:24 | * WEFiles/Image/information2.png-- -- --3246
27/03/2013 11:46:24 | * WEFiles/Image/loading.gif-- -- --1924
27/03/2013 11:46:24 | * WEFiles/Image/mask.png-- -- --213
27/03/2013 11:46:24 | * WEFiles/Image/ModalBackgound.png-- -- --27145
27/03/2013 11:46:24 | * WEFiles/Image/ModalPopupBlock.png-- -- --268
27/03/2013 11:46:24 | * WEFiles/Image/ServerError.png-- -- --2602
27/03/2013 11:46:24 | * WEFiles/Image/WEW3C.png-- -- --1882
27/03/2013 11:46:24 | * WEFiles/Server/class/class-phpmailer.php-- -- --62304
27/03/2013 11:46:24 | * WEFiles/Server/class/class-smtp.php-- -- --32442
27/03/2013 11:46:24 | * WEFiles/Server/class/JSON.php-- -- --34073
27/03/2013 11:46:24 | * WEFiles/Server/language/phpmailer.lang-en.php-- -- --1188
27/03/2013 11:46:24 | * WEFiles/Server/language/phpmailer.lang-fr.php-- -- --1298
27/03/2013 11:46:24 | * WEFiles/Server/openElement.php-- -- --16332
27/03/2013 11:46:24 | * WEFiles/Server/VarText.php-- -- --4306
27/03/2013 11:46:24 | * .htaccess-- -- --0
27/03/2013 11:46:24 | * Contact(var).js-- -- --2413
27/03/2013 11:46:24 | * Contact(var).php-- -- --1414
27/03/2013 11:46:24 | * Contact.css-- -- --4842
27/03/2013 11:46:24 | * WEFiles/Image/Skin/6713ad15.png-- -- --242
27/03/2013 11:46:24 | * WEFiles/Image/Skin/cefef1d3.png-- -- --392
27/03/2013 11:46:24 | * WEFiles/Image/Skin/397bb888.png-- -- --249
27/03/2013 11:46:24 | * WEFiles/Image/Skin/71eab08c.png-- -- --445
27/03/2013 11:46:24 | * WEFiles/Image/Skin/fbd0f08a.png-- -- --2715
27/03/2013 11:46:24 | * WEFiles/Image/Skin/111f723e.png-- -- --447
27/03/2013 11:46:24 | * WEFiles/Image/Skin/210bfe41.png-- -- --245
27/03/2013 11:46:24 | * WEFiles/Image/Skin/892fc0e7.png-- -- --393
27/03/2013 11:46:24 | * WEFiles/Image/Skin/b308aadb.png-- -- --243
27/03/2013 11:46:24 | * WEFiles/Image/ErrorImageDefault.png-- -- --825
27/03/2013 11:46:24 | * WEFiles/Image/Skin/06f38c3a.png-- -- --278
27/03/2013 11:46:24 | * WEFiles/Image/Skin/ae7aa0a2.png-- -- --531
27/03/2013 11:46:24 | * WEFiles/Image/Skin/27cd4350.png-- -- --549
27/03/2013 11:46:24 | * WEFiles/Image/Skin/e43ac0f8.png-- -- --304
27/03/2013 11:46:24 | * WEFiles/Image/Skin/6605df61.png-- -- --442
27/03/2013 11:46:24 | * WEFiles/Image/Skin/d66fed4b.png-- -- --457
27/03/2013 11:46:24 | * WEFiles/Image/Skin/ca099318.png-- -- --145
27/03/2013 11:46:24 | * WEFiles/Image/Skin/c674a49f.png-- -- --1561
27/03/2013 11:46:24 | * WEFiles/Image/Skin/25d931d8.png-- -- --145
27/03/2013 11:46:24 | * WEFiles/Image/Skin/baccd7ae.png-- -- --1437
27/03/2013 11:46:24 | * Files/Image/Tools/asterisk.png-- -- --1054
27/03/2013 11:46:24 | * WEFiles/Server/WESendMail_v1-34-3.php-- -- --9586
27/03/2013 11:46:24 | * WEFiles/Client/WESendMail_v1-34-3.js-- -- --9978
27/03/2013 11:46:24 | * WEFiles/Image/Skin/75fe0c1e.png-- -- --446
27/03/2013 11:46:24 | * WEFiles/Image/Skin/05dd25a3.png-- -- --478
27/03/2013 11:46:24 | * Files/Image/template/Top.png-- -- --4368
27/03/2013 11:46:24 | * Files/Image/template/Left.png-- -- --6741
27/03/2013 11:46:24 | * Files/Image/Tools/game.png-- -- --3746
27/03/2013 11:46:24 | * Files/Image/Tools/flower.png-- -- --990
27/03/2013 11:46:24 | * Files/Image/Tools/LogoUnderLine.png-- -- --849
27/03/2013 11:46:24 | * Files/Image/Tools/logo.png-- -- --1332
27/03/2013 11:46:24 | * WEFiles/Image/Skin/7ec8da69.png-- -- --711
27/03/2013 11:46:24 | * WEFiles/Image/Skin/84893bb0.png-- -- --4022
27/03/2013 11:46:24 | * WEFiles/Image/Skin/59a266a0.png-- -- --544
27/03/2013 11:46:24 | * WEFiles/Image/Skin/45b306e1.png-- -- --1735
27/03/2013 11:46:24 | * WEFiles/Image/Skin/900f6262.png-- -- --11496
27/03/2013 11:46:24 | * WEFiles/Image/Skin/a102c0ea.png-- -- --1893
27/03/2013 11:46:24 | * WEFiles/Image/Skin/72205466.png-- -- --589
27/03/2013 11:46:24 | * WEFiles/Image/Skin/dd968c6e.png-- -- --3939
27/03/2013 11:46:24 | * WEFiles/Image/Skin/5648d29e.png-- -- --665
27/03/2013 11:46:24 | * WEFiles/Image/Skin/b66931ce.png-- -- --711
27/03/2013 11:46:24 | * WEFiles/Image/Skin/19bf33b9.png-- -- --4022
27/03/2013 11:46:24 | * WEFiles/Image/Skin/cc685f00.png-- -- --544
27/03/2013 11:46:24 | * WEFiles/Image/Skin/8561995c.png-- -- --1735
27/03/2013 11:46:24 | * WEFiles/Image/Skin/a446e137.png-- -- --11496
27/03/2013 11:46:24 | * WEFiles/Image/Skin/2aba9b4a.png-- -- --1893
27/03/2013 11:46:24 | * WEFiles/Image/Skin/728a6927.png-- -- --589
27/03/2013 11:46:24 | * WEFiles/Image/Skin/3d089806.png-- -- --3939
27/03/2013 11:46:24 | * WEFiles/Image/Skin/353419a5.png-- -- --665
27/03/2013 11:46:24 | * Files/Image/template/MenuTop.png-- -- --6739
27/03/2013 11:46:24 | * Files/Image/template/MaskTop.png-- -- --3482
27/03/2013 11:46:24 | * WEFiles/Image/Skin/b0c5651a.png-- -- --621
27/03/2013 11:46:24 | * WEFiles/Image/Skin/1b3efb7b.png-- -- --2370
27/03/2013 11:46:24 | * WEFiles/Image/Skin/b1584441.png-- -- --724
27/03/2013 11:46:24 | * WEFiles/Image/Skin/ec6f5adb.png-- -- --1890
27/03/2013 11:46:24 | * WEFiles/Image/Skin/fce04c59.png-- -- --4284
27/03/2013 11:46:24 | * WEFiles/Image/Skin/55a3f407.png-- -- --1440
27/03/2013 11:46:24 | * WEFiles/Image/Skin/2899621b.png-- -- --975
27/03/2013 11:46:24 | * WEFiles/Image/Skin/8bd0263d.png-- -- --2276
27/03/2013 11:46:24 | * WEFiles/Image/Skin/b55a3558.png-- -- --555
27/03/2013 11:46:24 | * WEFiles/Image/Skin/f472e7f5.png-- -- --621
27/03/2013 11:46:24 | * WEFiles/Image/Skin/43f02e4a.png-- -- --2370
27/03/2013 11:46:24 | * WEFiles/Image/Skin/c1a3c79a.png-- -- --724
27/03/2013 11:46:24 | * WEFiles/Image/Skin/7856eb8b.png-- -- --1890
27/03/2013 11:46:24 | * WEFiles/Image/Skin/d1baf1cb.png-- -- --4284
27/03/2013 11:46:24 | * WEFiles/Image/Skin/561fb7c4.png-- -- --1440
27/03/2013 11:46:24 | * WEFiles/Image/Skin/c4e3baac.png-- -- --975
27/03/2013 11:46:24 | * WEFiles/Image/Skin/5048f125.png-- -- --2276
27/03/2013 11:46:24 | * WEFiles/Image/Skin/27b4d18d.png-- -- --555
27/03/2013 11:46:24 | * WEFiles/Image/Skin/e2005a2d.png-- -- --448
27/03/2013 11:46:24 | * WEFiles/Image/Skin/1c5656e7.png-- -- --989
27/03/2013 11:46:24 | * WEFiles/Image/Skin/83e709f2.png-- -- --386
27/03/2013 11:46:24 | * WEFiles/Image/Skin/fd7444f3.png-- -- --778
27/03/2013 11:46:24 | * WEFiles/Image/Skin/1e152ab2.png-- -- --429
27/03/2013 11:46:24 | * WEFiles/Image/Skin/76ebb281.png-- -- --952
27/03/2013 11:46:24 | * WEFiles/Image/Skin/9fd8c499.png-- -- --392
27/03/2013 11:46:24 | * WEFiles/Image/Skin/92437dae.png-- -- --855
27/03/2013 11:46:24 | * WEFiles/Image/Skin/1fdcdd1b.png-- -- --422
27/03/2013 11:46:24 | * WEFiles/Image/Skin/ef5b99b1.png-- -- --448
27/03/2013 11:46:24 | * WEFiles/Image/Skin/14a30ec7.png-- -- --989
27/03/2013 11:46:24 | * WEFiles/Image/Skin/bcab9caf.png-- -- --386
27/03/2013 11:46:24 | * WEFiles/Image/Skin/087f12b0.png-- -- --778
27/03/2013 11:46:24 | * WEFiles/Image/Skin/243d8fe8.png-- -- --429
27/03/2013 11:46:24 | * WEFiles/Image/Skin/c292fa0c.png-- -- --952
27/03/2013 11:46:24 | * WEFiles/Image/Skin/3adc1842.png-- -- --392
27/03/2013 11:46:24 | * WEFiles/Image/Skin/ecbd1543.png-- -- --855
27/03/2013 11:46:24 | * WEFiles/Image/Skin/21bc9f0d.png-- -- --422
27/03/2013 11:46:24 | * WEFiles/Image/Skin/57965df0.png-- -- --552
27/03/2013 11:46:24 | * WEFiles/Image/Skin/22ad41f8.png-- -- --1488
27/03/2013 11:46:24 | * WEFiles/Image/Skin/320b0899.png-- -- --513
27/03/2013 11:46:24 | * WEFiles/Image/Skin/11199bd1.png-- -- --715
27/03/2013 11:46:24 | * WEFiles/Image/Skin/b18e3306.png-- -- --489
27/03/2013 11:46:24 | * WEFiles/Image/Skin/c1cdbd6e.png-- -- --706
27/03/2013 11:46:24 | * WEFiles/Image/Skin/3c4b426b.png-- -- --590
27/03/2013 11:46:24 | * WEFiles/Image/Skin/84ffa030.png-- -- --1210
27/03/2013 11:46:24 | * WEFiles/Image/Skin/80b7060d.png-- -- --471
27/03/2013 11:46:24 | * WEFiles/Image/Skin/e0b4a0ea.png-- -- --552
27/03/2013 11:46:24 | * WEFiles/Image/Skin/504addf8.png-- -- --1488
27/03/2013 11:46:24 | * WEFiles/Image/Skin/c506d571.png-- -- --513
27/03/2013 11:46:24 | * WEFiles/Image/Skin/94a99d8d.png-- -- --715
27/03/2013 11:46:24 | * WEFiles/Image/Skin/0d6150bc.png-- -- --489
27/03/2013 11:46:24 | * WEFiles/Image/Skin/0812e236.png-- -- --706
27/03/2013 11:46:24 | * WEFiles/Image/Skin/e43e7194.png-- -- --590
27/03/2013 11:46:24 | * WEFiles/Image/Skin/ea5a66c5.png-- -- --1210
27/03/2013 11:46:24 | * WEFiles/Image/Skin/51e9693d.png-- -- --471
27/03/2013 11:46:24 | * WEFiles/Image/Skin/57046dfa.png-- -- --494
27/03/2013 11:46:24 | * WEFiles/Image/Skin/ddaba60b.png-- -- --1077
27/03/2013 11:46:24 | * WEFiles/Image/Skin/63f23f4a.png-- -- --473
27/03/2013 11:46:24 | * WEFiles/Image/Skin/72aac8c3.png-- -- --627
27/03/2013 11:46:24 | * WEFiles/Image/Skin/e7a31a71.png-- -- --379
27/03/2013 11:46:24 | * WEFiles/Image/Skin/3af86d7d.png-- -- --602
27/03/2013 11:46:24 | * WEFiles/Image/Skin/6a823227.png-- -- --462
27/03/2013 11:46:24 | * WEFiles/Image/Skin/4b342d58.png-- -- --1006
27/03/2013 11:46:24 | * WEFiles/Image/Skin/a1e5deed.png-- -- --496
27/03/2013 11:46:24 | * WEFiles/Image/Skin/a2a749ca.png-- -- --494
27/03/2013 11:46:24 | * WEFiles/Image/Skin/4fe63051.png-- -- --1077
27/03/2013 11:46:24 | * WEFiles/Image/Skin/1a12448e.png-- -- --473
27/03/2013 11:46:24 | * WEFiles/Image/Skin/edd466da.png-- -- --627
27/03/2013 11:46:24 | * WEFiles/Image/Skin/e2c72a85.png-- -- --379
27/03/2013 11:46:24 | * WEFiles/Image/Skin/d4890f21.png-- -- --602
27/03/2013 11:46:24 | * WEFiles/Image/Skin/7a12032e.png-- -- --462
27/03/2013 11:46:24 | * WEFiles/Image/Skin/7639e6e6.png-- -- --1006
27/03/2013 11:46:24 | * WEFiles/Image/Skin/528d588b.png-- -- --496
27/03/2013 11:46:24 | * WEFiles/Image/Gallery/9e5e22ac-d655-46c5-85c2-b20ec1175c4d/Image2_1.png-- -- --36224
27/03/2013 11:46:24 | * WEFiles/Image/Gallery/9e5e22ac-d655-46c5-85c2-b20ec1175c4d/Image3_1.png-- -- --37154
27/03/2013 11:46:24 | * WEFiles/Image/Gallery/9e5e22ac-d655-46c5-85c2-b20ec1175c4d/Image4_1.png-- -- --37003
27/03/2013 11:46:24 | * WEFiles/Image/Skin/40f7a1a5.png-- -- --1956
27/03/2013 11:46:24 | * WEFiles/Image/Skin/c4ca8db9.png-- -- --1978
27/03/2013 11:46:24 | * WEFiles/Image/Skin/062b615f.png-- -- --1973
27/03/2013 11:46:24 | * WEFiles/Image/Skin/0295fe3a.png-- -- --1914
27/03/2013 11:46:24 | * WEFiles/Css/WEGalleryCarrousel2_v1-34-3.css-- -- --685
27/03/2013 11:46:24 | * WEFiles/Client/WEGalleryCarrousel2_v1-34-3.js-- -- --22026
27/03/2013 11:46:24 | * Files/Image/Cuter.png-- -- --8641
27/03/2013 11:46:24 | * Files/Image/ShadowRound.png-- -- --18023
27/03/2013 11:46:24 | * Files/Image/Cross.png-- -- --8232
27/03/2013 11:46:24 | * Files/Image/template/PaintRed.png-- -- --12937
27/03/2013 11:46:24 | * Files/Image/template/PaintGreen.png-- -- --21769
27/03/2013 11:46:24 | * Files/Image/template/PaintYellow.png-- -- --8941
27/03/2013 11:46:24 | * WEFiles/Image/Skin/23d44941.png-- -- --241
27/03/2013 11:46:24 | * WEFiles/Image/Skin/d0523279.png-- -- --297
27/03/2013 11:46:24 | * WEFiles/Image/Skin/ff0cf912.png-- -- --248
27/03/2013 11:46:24 | * WEFiles/Image/Skin/b1a5d119.png-- -- --243
27/03/2013 11:46:24 | * WEFiles/Image/Skin/5a8d3d19.png-- -- --561
27/03/2013 11:46:24 | * WEFiles/Image/Skin/8285ffbe.png-- -- --245
27/03/2013 11:46:24 | * WEFiles/Image/Skin/6d170c78.png-- -- --244
27/03/2013 11:46:24 | * WEFiles/Image/Skin/834ddd1a.png-- -- --297
27/03/2013 11:46:24 | * WEFiles/Image/Skin/0747e798.png-- -- --242
27/03/2013 11:46:24 | * Files/Image/template/Grass.png-- -- --61377
27/03/2013 11:46:24 | * Files/Image/Tools/hopscotch.png-- -- --9601
27/03/2013 11:46:24 | * Files/Image/Tools/Cloud.png-- -- --3004
27/03/2013 11:46:24 | * WEFiles/Image/Skin/e1efb565.png-- -- --1169
27/03/2013 11:46:24 | * WEFiles/Image/Skin/36af4ff2.png-- -- --265
27/03/2013 11:46:24 | * WEFiles/Image/Skin/1037770f.png-- -- --675
27/03/2013 11:46:24 | * WEFiles/Image/Skin/787f6fde.png-- -- --510
27/03/2013 11:46:24 | * WEFiles/Image/Skin/86bcf662.png-- -- --20238
27/03/2013 11:46:24 | * Files/Image/Image1.png-- -- --121814
27/03/2013 11:46:24 | * WEFiles/Image/Skin/91724698.png-- -- --993
27/03/2013 11:46:24 | * WEFiles/Image/Skin/db09564e.png-- -- --1577
27/03/2013 11:46:24 | * WEFiles/Image/Skin/b11a5c5c.png-- -- --1052
27/03/2013 11:46:24 | * Contact.htm-- -- --23972
27/03/2013 11:46:24 | * index(var).js-- -- --1682
27/03/2013 11:46:24 | * index.css-- -- --1450
27/03/2013 11:46:24 | * Files/Image/Tools/BlueFrame.png-- -- --10095
27/03/2013 11:46:24 | * Files/Image/Tools/RedPointFrame.png-- -- --24757
27/03/2013 11:46:24 | * index.htm-- -- --21807
27/03/2013 11:46:24 | * robots.txt-- -- --22
27/03/2013 11:46:24 | * sitemap.xml-- -- --386
27/03/2013 11:46:24 | * TempPage.htm-- -- --4103
27/03/2013 11:46:24 | * Templates/BaseLayer.css-- -- --22157
27/03/2013 11:46:25 | 
27/03/2013 11:46:25 | 
--------------------------------Phase 1 Terminé--------------------------------
27/03/2013 11:46:25 | 

